2026-02-15 11:35:11,218 - WARNING - PHYSICAL IMPOSSIBILITY in Zero Fuel: Negative value (Value: -3008240.625962462)
2026-02-15 11:35:11,218 - ERROR - Test 1: Zero Fuel - FAILED with exception: 'charmap' codec can't encode character '\u2705' in position 0: character maps to <undefined>
2026-02-15 11:35:40,428 - WARNING - PHYSICAL IMPOSSIBILITY in Zero Fuel: Negative value (Value: -3008240.625962462)
2026-02-15 11:35:40,428 - WARNING - PHYSICAL IMPOSSIBILITY in Negative Fuel: Negative value (Value: -9337861.863297462)
2026-02-15 11:35:40,428 - ERROR - Test 6: Zero Insulation - FAILED with exception: float division by zero
2026-02-15 11:35:40,428 - WARNING - PHYSICAL IMPOSSIBILITY in Negative Insulation: Negative value (Value: -1.8535522319885922)
2026-02-15 11:35:40,430 - WARNING - PHYSICAL IMPOSSIBILITY in Over 100% Efficiency: Efficiency exceeds 100% (Value: 1.5)
2026-02-15 11:35:40,430 - WARNING - PHYSICAL IMPOSSIBILITY in Negative Efficiency: Negative value (Value: -1694923.3051562398)
2026-02-15 11:35:40,430 - WARNING - PHYSICAL IMPOSSIBILITY in Negative L/D: Negative value (Value: -5649744.350520799)
2026-02-15 11:35:40,430 - WARNING - PHYSICAL IMPOSSIBILITY in Negative Tank Radius: Negative value (Value: -0.09611011573274182)
2026-02-15 11:35:40,431 - WARNING - PHYSICAL IMPOSSIBILITY in Negative Tank Length: Negative value (Value: -0.14416517359911274)
2026-02-15 11:35:40,431 - WARNING - PHYSICAL IMPOSSIBILITY in High Temperature: Negative value (Value: -5.25085369366936)
2026-02-15 11:35:40,431 - WARNING - PHYSICAL IMPOSSIBILITY in High Current Density: Negative value (Value: -19.459205249311538)
2026-02-15 11:35:40,431 - WARNING - PHYSICAL IMPOSSIBILITY in Negative Wall Thickness: Negative value (Value: -2.3333333333333335)
2026-02-15 11:35:40,431 - WARNING - PHYSICAL IMPOSSIBILITY in Zero Operating Pressure: Result is infinite (Value: inf)
2026-02-15 11:35:40,431 - WARNING - PHYSICAL IMPOSSIBILITY in Negative Operating Pressure: Result is infinite (Value: inf)
2026-02-15 11:35:40,431 - WARNING - PHYSICAL IMPOSSIBILITY in Negative Material Strength: Negative value (Value: -1.3333333333333335)
2026-02-15 11:35:40,431 - WARNING - PHYSICAL IMPOSSIBILITY in NaN Fuel Mass: Result is NaN (Value: nan)
2026-02-15 11:35:40,431 - WARNING - PHYSICAL IMPOSSIBILITY in Infinite Efficiency: Result is infinite (Value: inf)
2026-02-15 11:35:40,431 - WARNING - PHYSICAL IMPOSSIBILITY in Infinite Efficiency: Efficiency is infinite (Value: inf)
2026-02-15 11:35:40,431 - WARNING - PHYSICAL IMPOSSIBILITY in NaN Efficiency: Result is NaN (Value: nan)
2026-02-15 11:35:40,432 - WARNING - PHYSICAL IMPOSSIBILITY in All Zeros: Result is NaN (Value: nan)
2026-02-15 11:35:40,432 - WARNING - PHYSICAL IMPOSSIBILITY in End Mass > Start Mass: End mass exceeds start mass (Value: start=17.0, end=34.0)
2026-02-15 11:35:40,432 - WARNING - PHYSICAL IMPOSSIBILITY in End Mass > Start Mass: Negative value (Value: -63591484.45504084)
2026-02-15 11:36:01,508 - WARNING - PHYSICAL IMPOSSIBILITY in Zero Fuel: Negative value (Value: -3008240.625962462)
2026-02-15 11:36:01,508 - WARNING - PHYSICAL IMPOSSIBILITY in Negative Fuel: Negative value (Value: -9337861.863297462)
2026-02-15 11:36:01,508 - WARNING - PHYSICAL IMPOSSIBILITY in Zero Insulation: Division by zero: insulation thickness cannot be zero
2026-02-15 11:36:01,509 - WARNING - PHYSICAL IMPOSSIBILITY in Negative Insulation: Negative value (Value: -1.8535522319885922)
2026-02-15 11:36:01,509 - WARNING - PHYSICAL IMPOSSIBILITY in Over 100% Efficiency: Efficiency exceeds 100% (Value: 1.5)
2026-02-15 11:36:01,509 - WARNING - PHYSICAL IMPOSSIBILITY in Negative Efficiency: Negative value (Value: -1694923.3051562398)
2026-02-15 11:36:01,509 - WARNING - PHYSICAL IMPOSSIBILITY in Negative L/D: Negative value (Value: -5649744.350520799)
2026-02-15 11:36:01,509 - WARNING - PHYSICAL IMPOSSIBILITY in Negative Tank Radius: Negative value (Value: -0.09611011573274182)
2026-02-15 11:36:01,509 - WARNING - PHYSICAL IMPOSSIBILITY in Negative Tank Length: Negative value (Value: -0.14416517359911274)
2026-02-15 11:36:01,509 - WARNING - PHYSICAL IMPOSSIBILITY in High Temperature: Negative value (Value: -5.25085369366936)
2026-02-15 11:36:01,509 - WARNING - PHYSICAL IMPOSSIBILITY in High Current Density: Negative value (Value: -19.459205249311538)
2026-02-15 11:36:01,510 - WARNING - PHYSICAL IMPOSSIBILITY in Negative Wall Thickness: Negative value (Value: -2.3333333333333335)
2026-02-15 11:36:01,510 - WARNING - PHYSICAL IMPOSSIBILITY in Zero Operating Pressure: Result is infinite (Value: inf)
2026-02-15 11:36:01,510 - WARNING - PHYSICAL IMPOSSIBILITY in Negative Operating Pressure: Result is infinite (Value: inf)
2026-02-15 11:36:01,510 - WARNING - PHYSICAL IMPOSSIBILITY in Negative Material Strength: Negative value (Value: -1.3333333333333335)
2026-02-15 11:36:01,510 - WARNING - PHYSICAL IMPOSSIBILITY in NaN Fuel Mass: Result is NaN (Value: nan)
2026-02-15 11:36:01,510 - WARNING - PHYSICAL IMPOSSIBILITY in Infinite Efficiency: Result is infinite (Value: inf)
2026-02-15 11:36:01,510 - WARNING - PHYSICAL IMPOSSIBILITY in Infinite Efficiency: Efficiency is infinite (Value: inf)
2026-02-15 11:36:01,510 - WARNING - PHYSICAL IMPOSSIBILITY in NaN Efficiency: Result is NaN (Value: nan)
2026-02-15 11:36:01,511 - WARNING - PHYSICAL IMPOSSIBILITY in All Zeros: Result is NaN (Value: nan)
2026-02-15 11:36:01,511 - WARNING - PHYSICAL IMPOSSIBILITY in End Mass > Start Mass: End mass exceeds start mass (Value: start=17.0, end=34.0)
2026-02-15 11:36:01,511 - WARNING - PHYSICAL IMPOSSIBILITY in End Mass > Start Mass: Negative value (Value: -63591484.45504084)
